[INFO ] 2020-12-05 16:55:49.189 [main] App -       
 Process started...    

[INFO ] 2020-12-05 16:59:49.261 [main] App -       
 Process started for info...    

[TRACE] 2020-12-05 16:59:49.263 [main] App -       
 Process started for trace...    

[WARN ] 2020-12-05 16:59:49.263 [main] App -       
 Process started for warning...    

[ERROR] 2020-12-05 16:59:49.264 [main] App -       
 Process started for error...    

[FATAL] 2020-12-05 16:59:49.264 [main] App -       
 Process started for fatal...    

[INFO ] 2020-12-05 17:00:25.221 [main] App -       
 Process started for info...    

[TRACE] 2020-12-05 17:00:25.224 [main] App -       
 Process started for trace...    

[WARN ] 2020-12-05 17:00:25.224 [main] App -       
 Process started for warning...    

[ERROR] 2020-12-05 17:00:25.224 [main] App -       
 Process started for error...    

[FATAL] 2020-12-05 17:00:25.225 [main] App -       
 Process started for fatal...    

